This is pdfTeX, Version 3.141592653-2.6-1.40.25 (TeX Live 2023) (preloaded format=pdflatex 2023.11.3)  5 NOV 2023 22:40
entering extended mode
 restricted \write18 enabled.
 %&-line parsing enabled.
**D:/telechargement/Rmarkdown/tex/pagedegarde1.tex
(d:/telechargement/Rmarkdown/tex/pagedegarde1.tex
LaTeX2e <2023-11-01>
L3 programming layer <2023-11-01>

! LaTeX Error: Missing \begin{document}.

See the LaTeX manual or LaTeX Companion for explanation.
Type  H <return>  for immediate help.
 ...                                              
                                                  
l.2 \begin{center}
                   
Here is how much of TeX's memory you used:
 19 strings out of 476217
 662 string characters out of 5794818
 1923533 words of memory out of 5000000
 22074 multiletter control sequences out of 15000+600000
 558069 words of font info for 36 fonts, out of 8000000 for 9000
 14 hyphenation exceptions out of 8191
 19i,0n,18p,101b,24s stack positions out of 10000i,1000n,20000p,200000b,200000s

!  ==> Fatal error occurred, no output PDF file produced!
